<?xml version="1.0" encoding="UTF-8"?>
<testng-results skipped="0" failed="0" total="1" passed="1">
  <reporter-output>
  </reporter-output>
  <suite name="Default suite" duration-ms="143709" started-at="2017-11-03T10:54:33Z" finished-at="2017-11-03T10:56:57Z">
    <groups>
    </groups>
    <test name="Default test" duration-ms="143709" started-at="2017-11-03T10:54:33Z" finished-at="2017-11-03T10:56:57Z">
      <class name="kdfMigration.TestClass">
        <test-method status="PASS" signature="abcd()[pri:0, instance:kdfMigration.TestClass@59fa1d9b]" name="abcd" duration-ms="143660" started-at="2017-11-03T16:24:33Z" finished-at="2017-11-03T16:26:57Z">
          <reporter-output>
          </reporter-output>
        </test-method> <!-- abcd -->
      </class> <!-- kdfMigration.TestClass -->
    </test> <!-- Default test -->
  </suite> <!-- Default suite -->
</testng-results>
